<testsuite failures="0" name="src/test/java/examples/finals/airlines.feature" skipped="0" tests="3" time="243.132826">
  <testcase classname="src.test.java.examples.finals.airlines" name="oneway" time="84.09164">
    <system-out>* configure driver = {type:'chromedriver', executable: 'C:/Program Files/Google/Chrome/Application/chromedriver.exe'} . passed
* driver 'https://www.philippineairlines.com/en/ph/home' .................. passed
* driver.maximize() ....................................................... passed
* call read('oneway.feature') ............................................. passed</system-out>
  </testcase>
  <testcase classname="src.test.java.examples.finals.airlines" name="returning" time="78.879189">
    <system-out>* configure driver = {type:'chromedriver', executable: 'C:/Program Files/Google/Chrome/Application/chromedriver.exe'} . passed
* driver 'https://www.philippineairlines.com/en/ph/home' .................. passed
* driver.maximize() ....................................................... passed
* call read('oneway.feature') ............................................. passed
* configure driver = {type:'chromedriver', executable: 'C:/Program Files/Google/Chrome/Application/chromedriver.exe'} . passed
* driver 'https://www.philippineairlines.com/en/ph/home' .................. passed
* driver.maximize() ....................................................... passed
* call read('returning.feature') .......................................... passed</system-out>
  </testcase>
  <testcase classname="src.test.java.examples.finals.airlines" name="stopover" time="80.161996">
    <system-out>* configure driver = {type:'chromedriver', executable: 'C:/Program Files/Google/Chrome/Application/chromedriver.exe'} . passed
* driver 'https://www.philippineairlines.com/en/ph/home' .................. passed
* driver.maximize() ....................................................... passed
* call read('oneway.feature') ............................................. passed
* configure driver = {type:'chromedriver', executable: 'C:/Program Files/Google/Chrome/Application/chromedriver.exe'} . passed
* driver 'https://www.philippineairlines.com/en/ph/home' .................. passed
* driver.maximize() ....................................................... passed
* call read('returning.feature') .......................................... passed
* configure driver = {type:'chromedriver', executable: 'C:/Program Files/Google/Chrome/Application/chromedriver.exe'} . passed
* driver 'https://www.philippineairlines.com/en/ph/home' .................. passed
* driver.maximize() ....................................................... passed
* call read('stopover.feature') ........................................... passed</system-out>
  </testcase>
</testsuite>
