<testsuite failures="2" name="src/test/java/examples/finals/airlines.feature" skipped="0" tests="3" time="422.059477">
  <testcase classname="src.test.java.examples.finals.airlines" name="oneway" time="123.55707">
    <failure message="airlines.feature:8 - &#10;[1.3:5] oneway.feature:7 - evaluation (js) failed: highlight('{a}BOOK FLIGHT'), javascript failed twice: {&quot;value&quot;:{&quot;stacktrace&quot;:&quot;Backtrace:\n\tOrdinal0 [0x00343733+2504499]\n\tOrdinal0 [0x002DC401+2081793]\n\tOrdinal0 [0x001E2628+1058344]\n\tOrdinal0 [0x001E4CEA+1068266]\n\tOrdinal0 [0x001E4BAE+1067950]\n\tOrdinal0 [0x001E5433+1070131]\n\tOrdinal0 [0x00235659+1398361]\n\tOrdinal0 [0x00225E83+1334915]\n\tOrdinal0 [0x00234CDB+1395931]\n\tOrdinal0 [0x00225D4B+1334603]\n\tOrdinal0 [0x002022B4+1188532]\n\tOrdinal0 [0x00203149+1192265]\n\tGetHandleVerifier [0x004BFB8C+1512252]\n\tGetHandleVerifier [0x0056B0DF+2214031]\n\tGetHandleVerifier [0x003C4BC3+484211]\n\tGetHandleVerifier [0x003C3E69+480793]\n\tOrdinal0 [0x002E218D+2105741]\n\tOrdinal0 [0x002E66E8+2123496]\n\tOrdinal0 [0x002E6827+2123815]\n\tOrdinal0 [0x002EFB73+2161523]\n\tBaseThreadInitThunk [0x755DFA29+25]\n\tRtlGetAppContainerNamedObjectPath [0x774A7A7E+286]\n\tRtlGetAppContainerNamedObjectPath [0x774A7A4E+238]\n\t(No symbol) [0x00000000]\n&quot;,&quot;error&quot;:&quot;javascript error&quot;,&quot;message&quot;:&quot;javascript error: Cannot read property 'getAttribute' of null\n  (Session info: chrome=92.0.4515.107)&quot;}}&#10;[1.4:5] oneway.feature:7 - evaluation (js) failed: highlight('{a}BOOK FLIGHT'), javascript failed twice: {&quot;value&quot;:{&quot;stacktrace&quot;:&quot;Backtrace:\n\tOrdinal0 [0x00343733+2504499]\n\tOrdinal0 [0x002DC401+2081793]\n\tOrdinal0 [0x001E2628+1058344]\n\tOrdinal0 [0x001E4CEA+1068266]\n\tOrdinal0 [0x001E4BAE+1067950]\n\tOrdinal0 [0x001E5433+1070131]\n\tOrdinal0 [0x00235659+1398361]\n\tOrdinal0 [0x00225E83+1334915]\n\tOrdinal0 [0x00234CDB+1395931]\n\tOrdinal0 [0x00225D4B+1334603]\n\tOrdinal0 [0x002022B4+1188532]\n\tOrdinal0 [0x00203149+1192265]\n\tGetHandleVerifier [0x004BFB8C+1512252]\n\tGetHandleVerifier [0x0056B0DF+2214031]\n\tGetHandleVerifier [0x003C4BC3+484211]\n\tGetHandleVerifier [0x003C3E69+480793]\n\tOrdinal0 [0x002E218D+2105741]\n\tOrdinal0 [0x002E66E8+2123496]\n\tOrdinal0 [0x002E6827+2123815]\n\tOrdinal0 [0x002EFB73+2161523]\n\tBaseThreadInitThunk [0x755DFA29+25]\n\tRtlGetAppContainerNamedObjectPath [0x774A7A7E+286]\n\tRtlGetAppContainerNamedObjectPath [0x774A7A4E+238]\n\t(No symbol) [0x00000000]\n&quot;,&quot;error&quot;:&quot;javascript error&quot;,&quot;message&quot;:&quot;javascript error: Cannot read property 'getAttribute' of null\n  (Session info: chrome=92.0.4515.107)&quot;}}&#10;[1.5:5] oneway.feature:7 - evaluation (js) failed: highlight('{a}BOOK FLIGHT'), javascript failed twice: {&quot;value&quot;:{&quot;stacktrace&quot;:&quot;Backtrace:\n\tOrdinal0 [0x00343733+2504499]\n\tOrdinal0 [0x002DC401+2081793]\n\tOrdinal0 [0x001E2628+1058344]\n\tOrdinal0 [0x001E4CEA+1068266]\n\tOrdinal0 [0x001E4BAE+1067950]\n\tOrdinal0 [0x001E5433+1070131]\n\tOrdinal0 [0x00235659+1398361]\n\tOrdinal0 [0x00225E83+1334915]\n\tOrdinal0 [0x00234CDB+1395931]\n\tOrdinal0 [0x00225D4B+1334603]\n\tOrdinal0 [0x002022B4+1188532]\n\tOrdinal0 [0x00203149+1192265]\n\tGetHandleVerifier [0x004BFB8C+1512252]\n\tGetHandleVerifier [0x0056B0DF+2214031]\n\tGetHandleVerifier [0x003C4BC3+484211]\n\tGetHandleVerifier [0x003C3E69+480793]\n\tOrdinal0 [0x002E218D+2105741]\n\tOrdinal0 [0x002E66E8+2123496]\n\tOrdinal0 [0x002E6827+2123815]\n\tOrdinal0 [0x002EFB73+2161523]\n\tBaseThreadInitThunk [0x755DFA29+25]\n\tRtlGetAppContainerNamedObjectPath [0x774A7A7E+286]\n\tRtlGetAppContainerNamedObjectPath [0x774A7A4E+238]\n\t(No symbol) [0x00000000]\n&quot;,&quot;error&quot;:&quot;javascript error&quot;,&quot;message&quot;:&quot;javascript error: Cannot read property 'getAttribute' of null\n  (Session info: chrome=92.0.4515.107)&quot;}}">* configure driver = {type:'chromedriver', executable: 'C:/Program Files/Google/Chrome/Application/chromedriver.exe'} . passed
* driver 'https://www.philippineairlines.com/en/ph/home' .................. passed
* driver.maximize() ....................................................... passed
* call read('oneway.feature') ............................................. failed

Stack Trace:
com.intuit.karate.exception.KarateException: airlines.feature:8 - 
[1.3:5] oneway.feature:7 - evaluation (js) failed: highlight('{a}BOOK FLIGHT'), javascript failed twice: {"value":{"stacktrace":"Backtrace:\n\tOrdinal0 [0x00343733+2504499]\n\tOrdinal0 [0x002DC401+2081793]\n\tOrdinal0 [0x001E2628+1058344]\n\tOrdinal0 [0x001E4CEA+1068266]\n\tOrdinal0 [0x001E4BAE+1067950]\n\tOrdinal0 [0x001E5433+1070131]\n\tOrdinal0 [0x00235659+1398361]\n\tOrdinal0 [0x00225E83+1334915]\n\tOrdinal0 [0x00234CDB+1395931]\n\tOrdinal0 [0x00225D4B+1334603]\n\tOrdinal0 [0x002022B4+1188532]\n\tOrdinal0 [0x00203149+1192265]\n\tGetHandleVerifier [0x004BFB8C+1512252]\n\tGetHandleVerifier [0x0056B0DF+2214031]\n\tGetHandleVerifier [0x003C4BC3+484211]\n\tGetHandleVerifier [0x003C3E69+480793]\n\tOrdinal0 [0x002E218D+2105741]\n\tOrdinal0 [0x002E66E8+2123496]\n\tOrdinal0 [0x002E6827+2123815]\n\tOrdinal0 [0x002EFB73+2161523]\n\tBaseThreadInitThunk [0x755DFA29+25]\n\tRtlGetAppContainerNamedObjectPath [0x774A7A7E+286]\n\tRtlGetAppContainerNamedObjectPath [0x774A7A4E+238]\n\t(No symbol) [0x00000000]\n","error":"javascript error","message":"javascript error: Cannot read property 'getAttribute' of null\n  (Session info: chrome=92.0.4515.107)"}}
[1.4:5] oneway.feature:7 - evaluation (js) failed: highlight('{a}BOOK FLIGHT'), javascript failed twice: {"value":{"stacktrace":"Backtrace:\n\tOrdinal0 [0x00343733+2504499]\n\tOrdinal0 [0x002DC401+2081793]\n\tOrdinal0 [0x001E2628+1058344]\n\tOrdinal0 [0x001E4CEA+1068266]\n\tOrdinal0 [0x001E4BAE+1067950]\n\tOrdinal0 [0x001E5433+1070131]\n\tOrdinal0 [0x00235659+1398361]\n\tOrdinal0 [0x00225E83+1334915]\n\tOrdinal0 [0x00234CDB+1395931]\n\tOrdinal0 [0x00225D4B+1334603]\n\tOrdinal0 [0x002022B4+1188532]\n\tOrdinal0 [0x00203149+1192265]\n\tGetHandleVerifier [0x004BFB8C+1512252]\n\tGetHandleVerifier [0x0056B0DF+2214031]\n\tGetHandleVerifier [0x003C4BC3+484211]\n\tGetHandleVerifier [0x003C3E69+480793]\n\tOrdinal0 [0x002E218D+2105741]\n\tOrdinal0 [0x002E66E8+2123496]\n\tOrdinal0 [0x002E6827+2123815]\n\tOrdinal0 [0x002EFB73+2161523]\n\tBaseThreadInitThunk [0x755DFA29+25]\n\tRtlGetAppContainerNamedObjectPath [0x774A7A7E+286]\n\tRtlGetAppContainerNamedObjectPath [0x774A7A4E+238]\n\t(No symbol) [0x00000000]\n","error":"javascript error","message":"javascript error: Cannot read property 'getAttribute' of null\n  (Session info: chrome=92.0.4515.107)"}}
[1.5:5] oneway.feature:7 - evaluation (js) failed: highlight('{a}BOOK FLIGHT'), javascript failed twice: {"value":{"stacktrace":"Backtrace:\n\tOrdinal0 [0x00343733+2504499]\n\tOrdinal0 [0x002DC401+2081793]\n\tOrdinal0 [0x001E2628+1058344]\n\tOrdinal0 [0x001E4CEA+1068266]\n\tOrdinal0 [0x001E4BAE+1067950]\n\tOrdinal0 [0x001E5433+1070131]\n\tOrdinal0 [0x00235659+1398361]\n\tOrdinal0 [0x00225E83+1334915]\n\tOrdinal0 [0x00234CDB+1395931]\n\tOrdinal0 [0x00225D4B+1334603]\n\tOrdinal0 [0x002022B4+1188532]\n\tOrdinal0 [0x00203149+1192265]\n\tGetHandleVerifier [0x004BFB8C+1512252]\n\tGetHandleVerifier [0x0056B0DF+2214031]\n\tGetHandleVerifier [0x003C4BC3+484211]\n\tGetHandleVerifier [0x003C3E69+480793]\n\tOrdinal0 [0x002E218D+2105741]\n\tOrdinal0 [0x002E66E8+2123496]\n\tOrdinal0 [0x002E6827+2123815]\n\tOrdinal0 [0x002EFB73+2161523]\n\tBaseThreadInitThunk [0x755DFA29+25]\n\tRtlGetAppContainerNamedObjectPath [0x774A7A7E+286]\n\tRtlGetAppContainerNamedObjectPath [0x774A7A4E+238]\n\t(No symbol) [0x00000000]\n","error":"javascript error","message":"javascript error: Cannot read property 'getAttribute' of null\n  (Session info: chrome=92.0.4515.107)"}}&#13;
	at ✽.* call read('oneway.feature') (airlines.feature:8)</failure>
  </testcase>
  <testcase classname="src.test.java.examples.finals.airlines" name="returning" time="93.651811">
    <failure message="airlines.feature:8 - &#10;[1.3:5] returning.feature:7 - evaluation (js) failed: highlight('{a}BOOK FLIGHT'), javascript failed twice: {&quot;value&quot;:{&quot;stacktrace&quot;:&quot;Backtrace:\n\tOrdinal0 [0x00343733+2504499]\n\tOrdinal0 [0x002DC401+2081793]\n\tOrdinal0 [0x001E2628+1058344]\n\tOrdinal0 [0x001E4CEA+1068266]\n\tOrdinal0 [0x001E4BAE+1067950]\n\tOrdinal0 [0x001E5433+1070131]\n\tOrdinal0 [0x00235659+1398361]\n\tOrdinal0 [0x00225E83+1334915]\n\tOrdinal0 [0x00234CDB+1395931]\n\tOrdinal0 [0x00225D4B+1334603]\n\tOrdinal0 [0x002022B4+1188532]\n\tOrdinal0 [0x00203149+1192265]\n\tGetHandleVerifier [0x004BFB8C+1512252]\n\tGetHandleVerifier [0x0056B0DF+2214031]\n\tGetHandleVerifier [0x003C4BC3+484211]\n\tGetHandleVerifier [0x003C3E69+480793]\n\tOrdinal0 [0x002E218D+2105741]\n\tOrdinal0 [0x002E66E8+2123496]\n\tOrdinal0 [0x002E6827+2123815]\n\tOrdinal0 [0x002EFB73+2161523]\n\tBaseThreadInitThunk [0x755DFA29+25]\n\tRtlGetAppContainerNamedObjectPath [0x774A7A7E+286]\n\tRtlGetAppContainerNamedObjectPath [0x774A7A4E+238]\n\t(No symbol) [0x00000000]\n&quot;,&quot;error&quot;:&quot;javascript error&quot;,&quot;message&quot;:&quot;javascript error: Cannot read property 'getAttribute' of null\n  (Session info: chrome=92.0.4515.107)&quot;}}&#10;[1.4:5] returning.feature:7 - evaluation (js) failed: highlight('{a}BOOK FLIGHT'), javascript failed twice: {&quot;value&quot;:{&quot;stacktrace&quot;:&quot;Backtrace:\n\tOrdinal0 [0x00343733+2504499]\n\tOrdinal0 [0x002DC401+2081793]\n\tOrdinal0 [0x001E2628+1058344]\n\tOrdinal0 [0x001E4CEA+1068266]\n\tOrdinal0 [0x001E4BAE+1067950]\n\tOrdinal0 [0x001E5433+1070131]\n\tOrdinal0 [0x00235659+1398361]\n\tOrdinal0 [0x00225E83+1334915]\n\tOrdinal0 [0x00234CDB+1395931]\n\tOrdinal0 [0x00225D4B+1334603]\n\tOrdinal0 [0x002022B4+1188532]\n\tOrdinal0 [0x00203149+1192265]\n\tGetHandleVerifier [0x004BFB8C+1512252]\n\tGetHandleVerifier [0x0056B0DF+2214031]\n\tGetHandleVerifier [0x003C4BC3+484211]\n\tGetHandleVerifier [0x003C3E69+480793]\n\tOrdinal0 [0x002E218D+2105741]\n\tOrdinal0 [0x002E66E8+2123496]\n\tOrdinal0 [0x002E6827+2123815]\n\tOrdinal0 [0x002EFB73+2161523]\n\tBaseThreadInitThunk [0x755DFA29+25]\n\tRtlGetAppContainerNamedObjectPath [0x774A7A7E+286]\n\tRtlGetAppContainerNamedObjectPath [0x774A7A4E+238]\n\t(No symbol) [0x00000000]\n&quot;,&quot;error&quot;:&quot;javascript error&quot;,&quot;message&quot;:&quot;javascript error: Cannot read property 'getAttribute' of null\n  (Session info: chrome=92.0.4515.107)&quot;}}&#10;[1.5:5] returning.feature:7 - evaluation (js) failed: highlight('{a}BOOK FLIGHT'), javascript failed twice: {&quot;value&quot;:{&quot;stacktrace&quot;:&quot;Backtrace:\n\tOrdinal0 [0x00343733+2504499]\n\tOrdinal0 [0x002DC401+2081793]\n\tOrdinal0 [0x001E2628+1058344]\n\tOrdinal0 [0x001E4CEA+1068266]\n\tOrdinal0 [0x001E4BAE+1067950]\n\tOrdinal0 [0x001E5433+1070131]\n\tOrdinal0 [0x00235659+1398361]\n\tOrdinal0 [0x00225E83+1334915]\n\tOrdinal0 [0x00234CDB+1395931]\n\tOrdinal0 [0x00225D4B+1334603]\n\tOrdinal0 [0x002022B4+1188532]\n\tOrdinal0 [0x00203149+1192265]\n\tGetHandleVerifier [0x004BFB8C+1512252]\n\tGetHandleVerifier [0x0056B0DF+2214031]\n\tGetHandleVerifier [0x003C4BC3+484211]\n\tGetHandleVerifier [0x003C3E69+480793]\n\tOrdinal0 [0x002E218D+2105741]\n\tOrdinal0 [0x002E66E8+2123496]\n\tOrdinal0 [0x002E6827+2123815]\n\tOrdinal0 [0x002EFB73+2161523]\n\tBaseThreadInitThunk [0x755DFA29+25]\n\tRtlGetAppContainerNamedObjectPath [0x774A7A7E+286]\n\tRtlGetAppContainerNamedObjectPath [0x774A7A4E+238]\n\t(No symbol) [0x00000000]\n&quot;,&quot;error&quot;:&quot;javascript error&quot;,&quot;message&quot;:&quot;javascript error: Cannot read property 'getAttribute' of null\n  (Session info: chrome=92.0.4515.107)&quot;}}">* configure driver = {type:'chromedriver', executable: 'C:/Program Files/Google/Chrome/Application/chromedriver.exe'} . passed
* driver 'https://www.philippineairlines.com/en/ph/home' .................. passed
* driver.maximize() ....................................................... passed
* call read('oneway.feature') ............................................. failed

Stack Trace:
com.intuit.karate.exception.KarateException: airlines.feature:8 - 
[1.3:5] oneway.feature:7 - evaluation (js) failed: highlight('{a}BOOK FLIGHT'), javascript failed twice: {"value":{"stacktrace":"Backtrace:\n\tOrdinal0 [0x00343733+2504499]\n\tOrdinal0 [0x002DC401+2081793]\n\tOrdinal0 [0x001E2628+1058344]\n\tOrdinal0 [0x001E4CEA+1068266]\n\tOrdinal0 [0x001E4BAE+1067950]\n\tOrdinal0 [0x001E5433+1070131]\n\tOrdinal0 [0x00235659+1398361]\n\tOrdinal0 [0x00225E83+1334915]\n\tOrdinal0 [0x00234CDB+1395931]\n\tOrdinal0 [0x00225D4B+1334603]\n\tOrdinal0 [0x002022B4+1188532]\n\tOrdinal0 [0x00203149+1192265]\n\tGetHandleVerifier [0x004BFB8C+1512252]\n\tGetHandleVerifier [0x0056B0DF+2214031]\n\tGetHandleVerifier [0x003C4BC3+484211]\n\tGetHandleVerifier [0x003C3E69+480793]\n\tOrdinal0 [0x002E218D+2105741]\n\tOrdinal0 [0x002E66E8+2123496]\n\tOrdinal0 [0x002E6827+2123815]\n\tOrdinal0 [0x002EFB73+2161523]\n\tBaseThreadInitThunk [0x755DFA29+25]\n\tRtlGetAppContainerNamedObjectPath [0x774A7A7E+286]\n\tRtlGetAppContainerNamedObjectPath [0x774A7A4E+238]\n\t(No symbol) [0x00000000]\n","error":"javascript error","message":"javascript error: Cannot read property 'getAttribute' of null\n  (Session info: chrome=92.0.4515.107)"}}
[1.4:5] oneway.feature:7 - evaluation (js) failed: highlight('{a}BOOK FLIGHT'), javascript failed twice: {"value":{"stacktrace":"Backtrace:\n\tOrdinal0 [0x00343733+2504499]\n\tOrdinal0 [0x002DC401+2081793]\n\tOrdinal0 [0x001E2628+1058344]\n\tOrdinal0 [0x001E4CEA+1068266]\n\tOrdinal0 [0x001E4BAE+1067950]\n\tOrdinal0 [0x001E5433+1070131]\n\tOrdinal0 [0x00235659+1398361]\n\tOrdinal0 [0x00225E83+1334915]\n\tOrdinal0 [0x00234CDB+1395931]\n\tOrdinal0 [0x00225D4B+1334603]\n\tOrdinal0 [0x002022B4+1188532]\n\tOrdinal0 [0x00203149+1192265]\n\tGetHandleVerifier [0x004BFB8C+1512252]\n\tGetHandleVerifier [0x0056B0DF+2214031]\n\tGetHandleVerifier [0x003C4BC3+484211]\n\tGetHandleVerifier [0x003C3E69+480793]\n\tOrdinal0 [0x002E218D+2105741]\n\tOrdinal0 [0x002E66E8+2123496]\n\tOrdinal0 [0x002E6827+2123815]\n\tOrdinal0 [0x002EFB73+2161523]\n\tBaseThreadInitThunk [0x755DFA29+25]\n\tRtlGetAppContainerNamedObjectPath [0x774A7A7E+286]\n\tRtlGetAppContainerNamedObjectPath [0x774A7A4E+238]\n\t(No symbol) [0x00000000]\n","error":"javascript error","message":"javascript error: Cannot read property 'getAttribute' of null\n  (Session info: chrome=92.0.4515.107)"}}
[1.5:5] oneway.feature:7 - evaluation (js) failed: highlight('{a}BOOK FLIGHT'), javascript failed twice: {"value":{"stacktrace":"Backtrace:\n\tOrdinal0 [0x00343733+2504499]\n\tOrdinal0 [0x002DC401+2081793]\n\tOrdinal0 [0x001E2628+1058344]\n\tOrdinal0 [0x001E4CEA+1068266]\n\tOrdinal0 [0x001E4BAE+1067950]\n\tOrdinal0 [0x001E5433+1070131]\n\tOrdinal0 [0x00235659+1398361]\n\tOrdinal0 [0x00225E83+1334915]\n\tOrdinal0 [0x00234CDB+1395931]\n\tOrdinal0 [0x00225D4B+1334603]\n\tOrdinal0 [0x002022B4+1188532]\n\tOrdinal0 [0x00203149+1192265]\n\tGetHandleVerifier [0x004BFB8C+1512252]\n\tGetHandleVerifier [0x0056B0DF+2214031]\n\tGetHandleVerifier [0x003C4BC3+484211]\n\tGetHandleVerifier [0x003C3E69+480793]\n\tOrdinal0 [0x002E218D+2105741]\n\tOrdinal0 [0x002E66E8+2123496]\n\tOrdinal0 [0x002E6827+2123815]\n\tOrdinal0 [0x002EFB73+2161523]\n\tBaseThreadInitThunk [0x755DFA29+25]\n\tRtlGetAppContainerNamedObjectPath [0x774A7A7E+286]\n\tRtlGetAppContainerNamedObjectPath [0x774A7A4E+238]\n\t(No symbol) [0x00000000]\n","error":"javascript error","message":"javascript error: Cannot read property 'getAttribute' of null\n  (Session info: chrome=92.0.4515.107)"}}&#13;
	at ✽.* call read('oneway.feature') (airlines.feature:8)&#13;

* configure driver = {type:'chromedriver', executable: 'C:/Program Files/Google/Chrome/Application/chromedriver.exe'} . passed
* driver 'https://www.philippineairlines.com/en/ph/home' .................. passed
* driver.maximize() ....................................................... passed
* call read('returning.feature') .......................................... failed

Stack Trace:
com.intuit.karate.exception.KarateException: airlines.feature:8 - 
[1.3:5] returning.feature:7 - evaluation (js) failed: highlight('{a}BOOK FLIGHT'), javascript failed twice: {"value":{"stacktrace":"Backtrace:\n\tOrdinal0 [0x00343733+2504499]\n\tOrdinal0 [0x002DC401+2081793]\n\tOrdinal0 [0x001E2628+1058344]\n\tOrdinal0 [0x001E4CEA+1068266]\n\tOrdinal0 [0x001E4BAE+1067950]\n\tOrdinal0 [0x001E5433+1070131]\n\tOrdinal0 [0x00235659+1398361]\n\tOrdinal0 [0x00225E83+1334915]\n\tOrdinal0 [0x00234CDB+1395931]\n\tOrdinal0 [0x00225D4B+1334603]\n\tOrdinal0 [0x002022B4+1188532]\n\tOrdinal0 [0x00203149+1192265]\n\tGetHandleVerifier [0x004BFB8C+1512252]\n\tGetHandleVerifier [0x0056B0DF+2214031]\n\tGetHandleVerifier [0x003C4BC3+484211]\n\tGetHandleVerifier [0x003C3E69+480793]\n\tOrdinal0 [0x002E218D+2105741]\n\tOrdinal0 [0x002E66E8+2123496]\n\tOrdinal0 [0x002E6827+2123815]\n\tOrdinal0 [0x002EFB73+2161523]\n\tBaseThreadInitThunk [0x755DFA29+25]\n\tRtlGetAppContainerNamedObjectPath [0x774A7A7E+286]\n\tRtlGetAppContainerNamedObjectPath [0x774A7A4E+238]\n\t(No symbol) [0x00000000]\n","error":"javascript error","message":"javascript error: Cannot read property 'getAttribute' of null\n  (Session info: chrome=92.0.4515.107)"}}
[1.4:5] returning.feature:7 - evaluation (js) failed: highlight('{a}BOOK FLIGHT'), javascript failed twice: {"value":{"stacktrace":"Backtrace:\n\tOrdinal0 [0x00343733+2504499]\n\tOrdinal0 [0x002DC401+2081793]\n\tOrdinal0 [0x001E2628+1058344]\n\tOrdinal0 [0x001E4CEA+1068266]\n\tOrdinal0 [0x001E4BAE+1067950]\n\tOrdinal0 [0x001E5433+1070131]\n\tOrdinal0 [0x00235659+1398361]\n\tOrdinal0 [0x00225E83+1334915]\n\tOrdinal0 [0x00234CDB+1395931]\n\tOrdinal0 [0x00225D4B+1334603]\n\tOrdinal0 [0x002022B4+1188532]\n\tOrdinal0 [0x00203149+1192265]\n\tGetHandleVerifier [0x004BFB8C+1512252]\n\tGetHandleVerifier [0x0056B0DF+2214031]\n\tGetHandleVerifier [0x003C4BC3+484211]\n\tGetHandleVerifier [0x003C3E69+480793]\n\tOrdinal0 [0x002E218D+2105741]\n\tOrdinal0 [0x002E66E8+2123496]\n\tOrdinal0 [0x002E6827+2123815]\n\tOrdinal0 [0x002EFB73+2161523]\n\tBaseThreadInitThunk [0x755DFA29+25]\n\tRtlGetAppContainerNamedObjectPath [0x774A7A7E+286]\n\tRtlGetAppContainerNamedObjectPath [0x774A7A4E+238]\n\t(No symbol) [0x00000000]\n","error":"javascript error","message":"javascript error: Cannot read property 'getAttribute' of null\n  (Session info: chrome=92.0.4515.107)"}}
[1.5:5] returning.feature:7 - evaluation (js) failed: highlight('{a}BOOK FLIGHT'), javascript failed twice: {"value":{"stacktrace":"Backtrace:\n\tOrdinal0 [0x00343733+2504499]\n\tOrdinal0 [0x002DC401+2081793]\n\tOrdinal0 [0x001E2628+1058344]\n\tOrdinal0 [0x001E4CEA+1068266]\n\tOrdinal0 [0x001E4BAE+1067950]\n\tOrdinal0 [0x001E5433+1070131]\n\tOrdinal0 [0x00235659+1398361]\n\tOrdinal0 [0x00225E83+1334915]\n\tOrdinal0 [0x00234CDB+1395931]\n\tOrdinal0 [0x00225D4B+1334603]\n\tOrdinal0 [0x002022B4+1188532]\n\tOrdinal0 [0x00203149+1192265]\n\tGetHandleVerifier [0x004BFB8C+1512252]\n\tGetHandleVerifier [0x0056B0DF+2214031]\n\tGetHandleVerifier [0x003C4BC3+484211]\n\tGetHandleVerifier [0x003C3E69+480793]\n\tOrdinal0 [0x002E218D+2105741]\n\tOrdinal0 [0x002E66E8+2123496]\n\tOrdinal0 [0x002E6827+2123815]\n\tOrdinal0 [0x002EFB73+2161523]\n\tBaseThreadInitThunk [0x755DFA29+25]\n\tRtlGetAppContainerNamedObjectPath [0x774A7A7E+286]\n\tRtlGetAppContainerNamedObjectPath [0x774A7A4E+238]\n\t(No symbol) [0x00000000]\n","error":"javascript error","message":"javascript error: Cannot read property 'getAttribute' of null\n  (Session info: chrome=92.0.4515.107)"}}&#13;
	at ✽.* call read('returning.feature') (airlines.feature:8)</failure>
  </testcase>
  <testcase classname="src.test.java.examples.finals.airlines" name="stopover" time="204.850596">
    <system-out>* configure driver = {type:'chromedriver', executable: 'C:/Program Files/Google/Chrome/Application/chromedriver.exe'} . passed
* driver 'https://www.philippineairlines.com/en/ph/home' .................. passed
* driver.maximize() ....................................................... passed
* call read('oneway.feature') ............................................. failed

Stack Trace:
com.intuit.karate.exception.KarateException: airlines.feature:8 - 
[1.3:5] oneway.feature:7 - evaluation (js) failed: highlight('{a}BOOK FLIGHT'), javascript failed twice: {"value":{"stacktrace":"Backtrace:\n\tOrdinal0 [0x00343733+2504499]\n\tOrdinal0 [0x002DC401+2081793]\n\tOrdinal0 [0x001E2628+1058344]\n\tOrdinal0 [0x001E4CEA+1068266]\n\tOrdinal0 [0x001E4BAE+1067950]\n\tOrdinal0 [0x001E5433+1070131]\n\tOrdinal0 [0x00235659+1398361]\n\tOrdinal0 [0x00225E83+1334915]\n\tOrdinal0 [0x00234CDB+1395931]\n\tOrdinal0 [0x00225D4B+1334603]\n\tOrdinal0 [0x002022B4+1188532]\n\tOrdinal0 [0x00203149+1192265]\n\tGetHandleVerifier [0x004BFB8C+1512252]\n\tGetHandleVerifier [0x0056B0DF+2214031]\n\tGetHandleVerifier [0x003C4BC3+484211]\n\tGetHandleVerifier [0x003C3E69+480793]\n\tOrdinal0 [0x002E218D+2105741]\n\tOrdinal0 [0x002E66E8+2123496]\n\tOrdinal0 [0x002E6827+2123815]\n\tOrdinal0 [0x002EFB73+2161523]\n\tBaseThreadInitThunk [0x755DFA29+25]\n\tRtlGetAppContainerNamedObjectPath [0x774A7A7E+286]\n\tRtlGetAppContainerNamedObjectPath [0x774A7A4E+238]\n\t(No symbol) [0x00000000]\n","error":"javascript error","message":"javascript error: Cannot read property 'getAttribute' of null\n  (Session info: chrome=92.0.4515.107)"}}
[1.4:5] oneway.feature:7 - evaluation (js) failed: highlight('{a}BOOK FLIGHT'), javascript failed twice: {"value":{"stacktrace":"Backtrace:\n\tOrdinal0 [0x00343733+2504499]\n\tOrdinal0 [0x002DC401+2081793]\n\tOrdinal0 [0x001E2628+1058344]\n\tOrdinal0 [0x001E4CEA+1068266]\n\tOrdinal0 [0x001E4BAE+1067950]\n\tOrdinal0 [0x001E5433+1070131]\n\tOrdinal0 [0x00235659+1398361]\n\tOrdinal0 [0x00225E83+1334915]\n\tOrdinal0 [0x00234CDB+1395931]\n\tOrdinal0 [0x00225D4B+1334603]\n\tOrdinal0 [0x002022B4+1188532]\n\tOrdinal0 [0x00203149+1192265]\n\tGetHandleVerifier [0x004BFB8C+1512252]\n\tGetHandleVerifier [0x0056B0DF+2214031]\n\tGetHandleVerifier [0x003C4BC3+484211]\n\tGetHandleVerifier [0x003C3E69+480793]\n\tOrdinal0 [0x002E218D+2105741]\n\tOrdinal0 [0x002E66E8+2123496]\n\tOrdinal0 [0x002E6827+2123815]\n\tOrdinal0 [0x002EFB73+2161523]\n\tBaseThreadInitThunk [0x755DFA29+25]\n\tRtlGetAppContainerNamedObjectPath [0x774A7A7E+286]\n\tRtlGetAppContainerNamedObjectPath [0x774A7A4E+238]\n\t(No symbol) [0x00000000]\n","error":"javascript error","message":"javascript error: Cannot read property 'getAttribute' of null\n  (Session info: chrome=92.0.4515.107)"}}
[1.5:5] oneway.feature:7 - evaluation (js) failed: highlight('{a}BOOK FLIGHT'), javascript failed twice: {"value":{"stacktrace":"Backtrace:\n\tOrdinal0 [0x00343733+2504499]\n\tOrdinal0 [0x002DC401+2081793]\n\tOrdinal0 [0x001E2628+1058344]\n\tOrdinal0 [0x001E4CEA+1068266]\n\tOrdinal0 [0x001E4BAE+1067950]\n\tOrdinal0 [0x001E5433+1070131]\n\tOrdinal0 [0x00235659+1398361]\n\tOrdinal0 [0x00225E83+1334915]\n\tOrdinal0 [0x00234CDB+1395931]\n\tOrdinal0 [0x00225D4B+1334603]\n\tOrdinal0 [0x002022B4+1188532]\n\tOrdinal0 [0x00203149+1192265]\n\tGetHandleVerifier [0x004BFB8C+1512252]\n\tGetHandleVerifier [0x0056B0DF+2214031]\n\tGetHandleVerifier [0x003C4BC3+484211]\n\tGetHandleVerifier [0x003C3E69+480793]\n\tOrdinal0 [0x002E218D+2105741]\n\tOrdinal0 [0x002E66E8+2123496]\n\tOrdinal0 [0x002E6827+2123815]\n\tOrdinal0 [0x002EFB73+2161523]\n\tBaseThreadInitThunk [0x755DFA29+25]\n\tRtlGetAppContainerNamedObjectPath [0x774A7A7E+286]\n\tRtlGetAppContainerNamedObjectPath [0x774A7A4E+238]\n\t(No symbol) [0x00000000]\n","error":"javascript error","message":"javascript error: Cannot read property 'getAttribute' of null\n  (Session info: chrome=92.0.4515.107)"}}&#13;
	at ✽.* call read('oneway.feature') (airlines.feature:8)&#13;

* configure driver = {type:'chromedriver', executable: 'C:/Program Files/Google/Chrome/Application/chromedriver.exe'} . passed
* driver 'https://www.philippineairlines.com/en/ph/home' .................. passed
* driver.maximize() ....................................................... passed
* call read('returning.feature') .......................................... failed

Stack Trace:
com.intuit.karate.exception.KarateException: airlines.feature:8 - 
[1.3:5] returning.feature:7 - evaluation (js) failed: highlight('{a}BOOK FLIGHT'), javascript failed twice: {"value":{"stacktrace":"Backtrace:\n\tOrdinal0 [0x00343733+2504499]\n\tOrdinal0 [0x002DC401+2081793]\n\tOrdinal0 [0x001E2628+1058344]\n\tOrdinal0 [0x001E4CEA+1068266]\n\tOrdinal0 [0x001E4BAE+1067950]\n\tOrdinal0 [0x001E5433+1070131]\n\tOrdinal0 [0x00235659+1398361]\n\tOrdinal0 [0x00225E83+1334915]\n\tOrdinal0 [0x00234CDB+1395931]\n\tOrdinal0 [0x00225D4B+1334603]\n\tOrdinal0 [0x002022B4+1188532]\n\tOrdinal0 [0x00203149+1192265]\n\tGetHandleVerifier [0x004BFB8C+1512252]\n\tGetHandleVerifier [0x0056B0DF+2214031]\n\tGetHandleVerifier [0x003C4BC3+484211]\n\tGetHandleVerifier [0x003C3E69+480793]\n\tOrdinal0 [0x002E218D+2105741]\n\tOrdinal0 [0x002E66E8+2123496]\n\tOrdinal0 [0x002E6827+2123815]\n\tOrdinal0 [0x002EFB73+2161523]\n\tBaseThreadInitThunk [0x755DFA29+25]\n\tRtlGetAppContainerNamedObjectPath [0x774A7A7E+286]\n\tRtlGetAppContainerNamedObjectPath [0x774A7A4E+238]\n\t(No symbol) [0x00000000]\n","error":"javascript error","message":"javascript error: Cannot read property 'getAttribute' of null\n  (Session info: chrome=92.0.4515.107)"}}
[1.4:5] returning.feature:7 - evaluation (js) failed: highlight('{a}BOOK FLIGHT'), javascript failed twice: {"value":{"stacktrace":"Backtrace:\n\tOrdinal0 [0x00343733+2504499]\n\tOrdinal0 [0x002DC401+2081793]\n\tOrdinal0 [0x001E2628+1058344]\n\tOrdinal0 [0x001E4CEA+1068266]\n\tOrdinal0 [0x001E4BAE+1067950]\n\tOrdinal0 [0x001E5433+1070131]\n\tOrdinal0 [0x00235659+1398361]\n\tOrdinal0 [0x00225E83+1334915]\n\tOrdinal0 [0x00234CDB+1395931]\n\tOrdinal0 [0x00225D4B+1334603]\n\tOrdinal0 [0x002022B4+1188532]\n\tOrdinal0 [0x00203149+1192265]\n\tGetHandleVerifier [0x004BFB8C+1512252]\n\tGetHandleVerifier [0x0056B0DF+2214031]\n\tGetHandleVerifier [0x003C4BC3+484211]\n\tGetHandleVerifier [0x003C3E69+480793]\n\tOrdinal0 [0x002E218D+2105741]\n\tOrdinal0 [0x002E66E8+2123496]\n\tOrdinal0 [0x002E6827+2123815]\n\tOrdinal0 [0x002EFB73+2161523]\n\tBaseThreadInitThunk [0x755DFA29+25]\n\tRtlGetAppContainerNamedObjectPath [0x774A7A7E+286]\n\tRtlGetAppContainerNamedObjectPath [0x774A7A4E+238]\n\t(No symbol) [0x00000000]\n","error":"javascript error","message":"javascript error: Cannot read property 'getAttribute' of null\n  (Session info: chrome=92.0.4515.107)"}}
[1.5:5] returning.feature:7 - evaluation (js) failed: highlight('{a}BOOK FLIGHT'), javascript failed twice: {"value":{"stacktrace":"Backtrace:\n\tOrdinal0 [0x00343733+2504499]\n\tOrdinal0 [0x002DC401+2081793]\n\tOrdinal0 [0x001E2628+1058344]\n\tOrdinal0 [0x001E4CEA+1068266]\n\tOrdinal0 [0x001E4BAE+1067950]\n\tOrdinal0 [0x001E5433+1070131]\n\tOrdinal0 [0x00235659+1398361]\n\tOrdinal0 [0x00225E83+1334915]\n\tOrdinal0 [0x00234CDB+1395931]\n\tOrdinal0 [0x00225D4B+1334603]\n\tOrdinal0 [0x002022B4+1188532]\n\tOrdinal0 [0x00203149+1192265]\n\tGetHandleVerifier [0x004BFB8C+1512252]\n\tGetHandleVerifier [0x0056B0DF+2214031]\n\tGetHandleVerifier [0x003C4BC3+484211]\n\tGetHandleVerifier [0x003C3E69+480793]\n\tOrdinal0 [0x002E218D+2105741]\n\tOrdinal0 [0x002E66E8+2123496]\n\tOrdinal0 [0x002E6827+2123815]\n\tOrdinal0 [0x002EFB73+2161523]\n\tBaseThreadInitThunk [0x755DFA29+25]\n\tRtlGetAppContainerNamedObjectPath [0x774A7A7E+286]\n\tRtlGetAppContainerNamedObjectPath [0x774A7A4E+238]\n\t(No symbol) [0x00000000]\n","error":"javascript error","message":"javascript error: Cannot read property 'getAttribute' of null\n  (Session info: chrome=92.0.4515.107)"}}&#13;
	at ✽.* call read('returning.feature') (airlines.feature:8)&#13;

* configure driver = {type:'chromedriver', executable: 'C:/Program Files/Google/Chrome/Application/chromedriver.exe'} . passed
* driver 'https://www.philippineairlines.com/en/ph/home' .................. passed
* driver.maximize() ....................................................... passed
* call read('stopover.feature') ........................................... passed</system-out>
  </testcase>
</testsuite>
