<testsuite failures="0" name="src/test/java/examples/users/users.feature" skipped="0" tests="1" time="2.34337">
  <testcase classname="src.test.java.examples.users.users" name="create a user and then get it by id" time="2.34337">
    <system-out>* url 'https://jsonplaceholder.typicode.com' .............................. passed
* def user = .............................................................. passed
Given url 'https://jsonplaceholder.typicode.com/users' .................... passed
And request user .......................................................... passed
When method post .......................................................... passed
Then status 201 ........................................................... passed
* def id = response.id .................................................... passed
* print 'created id is: ', id ............................................. passed
Given path id ............................................................. passed</system-out>
  </testcase>
</testsuite>
